  [1m[35m (192.8ms)[0m  [1m[35mCREATE DATABASE "gotc_app_api_development" ENCODING = 'unicode'[0m
  [1m[35m (138.3ms)[0m  [1m[35mCREATE DATABASE "gotc_app_api_test" ENCODING = 'unicode'[0m
  [1m[35m (24.9ms)[0m  [1m[35mCREATE TABLE "schema_migrations" ("version" character varying NOT NULL PRIMARY KEY)[0m
  [1m[35m (18.9ms)[0m  [1m[35mCREATE TABLE "ar_internal_metadata" ("key" character varying NOT NULL PRIMARY KEY, "value" character varying, "created_at" timestamp(6) NOT NULL, "updated_at" timestamp(6) NOT NULL)[0m
  [1m[35m (0.2ms)[0m  [1m[34mSELECT pg_try_advisory_lock(813717160701549195)[0m
  [1m[35m (0.5ms)[0m  [1m[34mSELECT "schema_migrations"."version" FROM "schema_migrations" ORDER BY "schema_migrations"."version" ASC[0m
Migrating to CreateStatistics (20220115033828)
  [1m[36mTRANSACTION (0.2ms)[0m  [1m[35mBEGIN[0m
  [1m[35m (16.7ms)[0m  [1m[35mCREATE TABLE "statistics" ("id" bigserial primary key, "inf_attack" decimal, "inf_defense" decimal, "inf_health" decimal, "inf_attack_vs_player" decimal, "inf_defense_vs_player" decimal, "inf_health_vs_player" decimal, "inf_attack_vs_players_inf" decimal, "inf_attack_vs_players_ranged" decimal, "inf_attack_vs_players_cav" decimal, "inf_defense_vs_players_cav" decimal, "inf_defense_vs_players_inf" decimal, "inf_defense_vs_players_ranged" decimal, "inf_defense_vs_players_siege" decimal, "cav_attack" decimal, "cav_defense" decimal, "cav_health" decimal, "cav_attack_vs_player" decimal, "cav_defense_vs_player" decimal, "cav_health_vs_player" decimal, "cav_attack_vs_players_inf" decimal, "cav_attack_vs_players_ranged" decimal, "cav_attack_vs_players_cav" decimal, "cav_attack_vs_players_siege" decimal, "cav_defense_vs_players_cav" decimal, "cav_defense_vs_players_inf" decimal, "cav_defense_vs_players_ranged" decimal, "cav_defense_vs_players_siege" decimal, "ranged_attack" decimal, "ranged_defense" decimal, "ranged_health" decimal, "ranged_attack_vs_player" decimal, "range_defense_vs_player" decimal, "ranged_health_vs_player" decimal, "ranged_attack_vs_players_inf" decimal, "ranged_attack_vs_players_ranged" decimal, "ranged_attack_vs_players_cav" decimal, "ranged_attack_vs_players_siege" decimal, "ranged_defense_vs_players_cav" decimal, "ranged_defense_vs_players_inf" decimal, "ranged_defense_vs_players_ranged" decimal, "ranged_defense_vs_players_siege" decimal, "created_at" timestamp(6) NOT NULL, "updated_at" timestamp(6) NOT NULL)[0m
  [1m[36mActiveRecord::SchemaMigration Create (0.4ms)[0m  [1m[32mINSERT INTO "schema_migrations" ("version") VALUES ($1) RETURNING "version"[0m  [["version", "20220115033828"]]
  [1m[36mTRANSACTION (4.1ms)[0m  [1m[35mCOMMIT[0m
Migrating to CreateUsers (20220115034910)
  [1m[36mTRANSACTION (0.2ms)[0m  [1m[35mBEGIN[0m
  [1m[35m (15.0ms)[0m  [1m[35mCREATE TABLE "users" ("id" bigserial primary key, "username" character varying, "password" character varying, "in_game_name" character varying, "allegiance" character varying, "keep_level" integer, "house_level" integer, "power_level" integer, "building_power" integer, "research_power" integer, "troop_power" integer, "dragon_talent_power" integer, "armory_power" integer, "created_at" timestamp(6) NOT NULL, "updated_at" timestamp(6) NOT NULL)[0m
  [1m[36mActiveRecord::SchemaMigration Create (0.6ms)[0m  [1m[32mINSERT INTO "schema_migrations" ("version") VALUES ($1) RETURNING "version"[0m  [["version", "20220115034910"]]
  [1m[36mTRANSACTION (2.1ms)[0m  [1m[35mCOMMIT[0m
Migrating to AddForeignKeyToStatistics (20220115035051)
  [1m[36mTRANSACTION (0.2ms)[0m  [1m[35mBEGIN[0m
  [1m[36mActiveRecord::SchemaMigration Create (0.3ms)[0m  [1m[32mINSERT INTO "schema_migrations" ("version") VALUES ($1) RETURNING "version"[0m  [["version", "20220115035051"]]
  [1m[36mTRANSACTION (6.5ms)[0m  [1m[35mCOMMIT[0m
  [1m[36mActiveRecord::InternalMetadata Load (0.3ms)[0m  [1m[34mSELECT "ar_internal_metadata".* FROM "ar_internal_metadata" WHERE "ar_internal_metadata"."key" = $1 LIMIT $2[0m  [["key", "environment"], ["LIMIT", 1]]
  [1m[36mTRANSACTION (0.2ms)[0m  [1m[35mBEGIN[0m
  [1m[36mActiveRecord::InternalMetadata Create (0.5ms)[0m  [1m[32mINSERT INTO "ar_internal_metadata" ("key", "value", "created_at", "updated_at") VALUES ($1, $2, $3, $4) RETURNING "key"[0m  [["key", "environment"], ["value", "development"], ["created_at", "2022-01-15 03:51:07.690630"], ["updated_at", "2022-01-15 03:51:07.690630"]]
  [1m[36mTRANSACTION (5.3ms)[0m  [1m[35mCOMMIT[0m
  [1m[35m (0.2ms)[0m  [1m[34mSELECT pg_advisory_unlock(813717160701549195)[0m
  [1m[35m (0.7ms)[0m  [1m[34mSELECT "schema_migrations"."version" FROM "schema_migrations" ORDER BY "schema_migrations"."version" ASC[0m
  [1m[35m (0.2ms)[0m  [1m[34mSELECT pg_try_advisory_lock(813717160701549195)[0m
  [1m[35m (0.5ms)[0m  [1m[34mSELECT "schema_migrations"."version" FROM "schema_migrations" ORDER BY "schema_migrations"."version" ASC[0m
Migrating to AddForeignKeyToStatistics2 (20220115035140)
  [1m[36mTRANSACTION (0.2ms)[0m  [1m[35mBEGIN[0m
  [1m[35m (0.4ms)[0m  [1m[35mALTER TABLE "statistics" ADD "user_id" integer[0m
  [1m[36mActiveRecord::SchemaMigration Create (0.4ms)[0m  [1m[32mINSERT INTO "schema_migrations" ("version") VALUES ($1) RETURNING "version"[0m  [["version", "20220115035140"]]
  [1m[36mTRANSACTION (12.4ms)[0m  [1m[35mCOMMIT[0m
  [1m[36mActiveRecord::InternalMetadata Load (0.3ms)[0m  [1m[34mSELECT "ar_internal_metadata".* FROM "ar_internal_metadata" WHERE "ar_internal_metadata"."key" = $1 LIMIT $2[0m  [["key", "environment"], ["LIMIT", 1]]
  [1m[35m (0.4ms)[0m  [1m[34mSELECT pg_advisory_unlock(813717160701549195)[0m
  [1m[35m (0.5ms)[0m  [1m[34mSELECT "schema_migrations"."version" FROM "schema_migrations" ORDER BY "schema_migrations"."version" ASC[0m
  [1m[35m (0.5ms)[0m  [1m[34mSELECT "schema_migrations"."version" FROM "schema_migrations" ORDER BY "schema_migrations"."version" ASC[0m
  [1m[35m (0.6ms)[0m  [1m[34mSELECT "schema_migrations"."version" FROM "schema_migrations" ORDER BY "schema_migrations"."version" ASC[0m
  [1m[36mTRANSACTION (0.1ms)[0m  [1m[35mBEGIN[0m
  [1m[36mUser Create (0.7ms)[0m  [1m[32mINSERT INTO "users" ("username", "password", "in_game_name", "allegiance", "keep_level", "house_level", "power_level", "building_power", "research_power", "troop_power", "dragon_talent_power", "armory_power", "created_at", "updated_at") VALUES ($1, $2, $3, $4, $5, $6, $7, $8, $9, $10, $11, $12, $13, $14) RETURNING "id"[0m  [["username", "acurunner79"], ["password", "1234"], ["in_game_name", "Ninja Guiden V2"], ["allegiance", "FK!T"], ["keep_level", 30], ["house_level", 45], ["power_level", 174815270], ["building_power", 2964944], ["research_power", 3474695], ["troop_power", 155006045], ["dragon_talent_power", 600500], ["armory_power", 8118457], ["created_at", "2022-01-15 04:11:11.111567"], ["updated_at", "2022-01-15 04:11:11.111567"]]
  [1m[36mTRANSACTION (19.5ms)[0m  [1m[35mCOMMIT[0m
  [1m[35m (0.5ms)[0m  [1m[34mSELECT "schema_migrations"."version" FROM "schema_migrations" ORDER BY "schema_migrations"."version" ASC[0m
  [1m[35m (0.5ms)[0m  [1m[34mSELECT "schema_migrations"."version" FROM "schema_migrations" ORDER BY "schema_migrations"."version" ASC[0m
  [1m[35m (0.6ms)[0m  [1m[34mSELECT "schema_migrations"."version" FROM "schema_migrations" ORDER BY "schema_migrations"."version" ASC[0m
  [1m[35m (0.5ms)[0m  [1m[34mSELECT "schema_migrations"."version" FROM "schema_migrations" ORDER BY "schema_migrations"."version" ASC[0m
  [1m[35m (0.6ms)[0m  [1m[34mSELECT "schema_migrations"."version" FROM "schema_migrations" ORDER BY "schema_migrations"."version" ASC[0m
  [1m[35m (0.5ms)[0m  [1m[34mSELECT "schema_migrations"."version" FROM "schema_migrations" ORDER BY "schema_migrations"."version" ASC[0m
Started GET "/statistics" for ::1 at 2022-01-14 22:15:38 -0600
  [1m[35m (0.5ms)[0m  [1m[34mSELECT "schema_migrations"."version" FROM "schema_migrations" ORDER BY "schema_migrations"."version" ASC[0m
Processing by StatisticsController#index as HTML
  [1m[36mStatistic Load (3.1ms)[0m  [1m[34mSELECT "statistics".* FROM "statistics"[0m
  ↳ app/controllers/statistics_controller.rb:8:in `index'
Completed 200 OK in 10ms (Views: 1.5ms | ActiveRecord: 3.1ms | Allocations: 5672)


Started GET "/users" for ::1 at 2022-01-14 22:17:15 -0600
Processing by UsersController#index as HTML
  [1m[36mUser Load (0.5ms)[0m  [1m[34mSELECT "users".* FROM "users"[0m
  ↳ app/controllers/users_controller.rb:8:in `index'
Completed 200 OK in 43ms (Views: 10.1ms | ActiveRecord: 3.4ms | Allocations: 9596)


  [1m[35m (0.7ms)[0m  [1m[34mSELECT "schema_migrations"."version" FROM "schema_migrations" ORDER BY "schema_migrations"."version" ASC[0m
  [1m[36mTRANSACTION (0.2ms)[0m  [1m[35mBEGIN[0m
  [1m[36mUser Load (0.3ms)[0m  [1m[34mSELECT "users".* FROM "users" WHERE "users"."id" = $1 LIMIT $2[0m  [["id", 1], ["LIMIT", 1]]
  [1m[36mStatistic Create (11.6ms)[0m  [1m[32mINSERT INTO "statistics" ("inf_attack", "inf_defense", "inf_health", "inf_attack_vs_player", "inf_defense_vs_player", "inf_health_vs_player", "inf_attack_vs_players_inf", "inf_attack_vs_players_ranged", "inf_attack_vs_players_cav", "inf_defense_vs_players_cav", "inf_defense_vs_players_inf", "inf_defense_vs_players_ranged", "inf_defense_vs_players_siege", "cav_attack", "cav_defense", "cav_health", "cav_attack_vs_player", "cav_defense_vs_player", "cav_health_vs_player", "cav_attack_vs_players_inf", "cav_attack_vs_players_ranged", "cav_attack_vs_players_cav", "cav_attack_vs_players_siege", "cav_defense_vs_players_cav", "cav_defense_vs_players_inf", "cav_defense_vs_players_ranged", "cav_defense_vs_players_siege", "ranged_attack", "ranged_defense", "ranged_health", "ranged_attack_vs_player", "range_defense_vs_player", "ranged_health_vs_player", "ranged_attack_vs_players_inf", "ranged_attack_vs_players_ranged", "ranged_attack_vs_players_cav", "ranged_attack_vs_players_siege", "ranged_defense_vs_players_cav", "ranged_defense_vs_players_inf", "ranged_defense_vs_players_ranged", "ranged_defense_vs_players_siege", "created_at", "updated_at", "user_id") VALUES ($1, $2, $3, $4, $5, $6, $7, $8, $9, $10, $11, $12, $13, $14, $15, $16, $17, $18, $19, $20, $21, $22, $23, $24, $25, $26, $27, $28, $29, $30, $31, $32, $33, $34, $35, $36, $37, $38, $39, $40, $41, $42, $43, $44) RETURNING "id"[0m  [["inf_attack", "275.969"], ["inf_defense", "207.96"], ["inf_health", "143.215"], ["inf_attack_vs_player", "526.386"], ["inf_defense_vs_player", "195.053"], ["inf_health_vs_player", "200.43"], ["inf_attack_vs_players_inf", "102.42"], ["inf_attack_vs_players_ranged", "48.94"], ["inf_attack_vs_players_cav", "279.003"], ["inf_defense_vs_players_cav", "242.705"], ["inf_defense_vs_players_inf", "8.359999999999999"], ["inf_defense_vs_players_ranged", "120.736"], ["inf_defense_vs_players_siege", "3.0"], ["cav_attack", "53.44"], ["cav_defense", "34.67"], ["cav_health", "22.61"], ["cav_attack_vs_player", "217.66"], ["cav_defense_vs_player", "175.25"], ["cav_health_vs_player", "146.27"], ["cav_attack_vs_players_inf", "14.98"], ["cav_attack_vs_players_ranged", "41.88"], ["cav_attack_vs_players_cav", "29.64"], ["cav_attack_vs_players_siege", "4.0"], ["cav_defense_vs_players_cav", "10.76"], ["cav_defense_vs_players_inf", "54.34"], ["cav_defense_vs_players_ranged", "52.4"], ["cav_defense_vs_players_siege", "3.0"], ["ranged_attack", "249.637"], ["ranged_defense", "211.486"], ["ranged_health", "200.694"], ["ranged_attack_vs_player", "555.162"], ["range_defense_vs_player", "387.333"], ["ranged_health_vs_player", "332.806"], ["ranged_attack_vs_players_inf", "357.828"], ["ranged_attack_vs_players_ranged", "190.438"], ["ranged_attack_vs_players_cav", "92.36"], ["ranged_attack_vs_players_siege", "4.0"], ["ranged_defense_vs_players_cav", "160.993"], ["ranged_defense_vs_players_inf", "262.878"], ["ranged_defense_vs_players_ranged", "74.795"], ["ranged_defense_vs_players_siege", "4.0"], ["created_at", "2022-01-15 04:17:44.496561"], ["updated_at", "2022-01-15 04:17:44.496561"], ["user_id", 1]]
  [1m[36mTRANSACTION (6.9ms)[0m  [1m[35mCOMMIT[0m
Started GET "/statistics" for ::1 at 2022-01-14 22:19:21 -0600
  [1m[35m (0.6ms)[0m  [1m[34mSELECT "schema_migrations"."version" FROM "schema_migrations" ORDER BY "schema_migrations"."version" ASC[0m
Processing by StatisticsController#index as HTML
  [1m[36mStatistic Load (0.6ms)[0m  [1m[34mSELECT "statistics".* FROM "statistics"[0m
  ↳ app/controllers/statistics_controller.rb:8:in `index'
Completed 200 OK in 29ms (Views: 21.4ms | ActiveRecord: 4.1ms | Allocations: 26411)


Started GET "/users" for ::1 at 2022-01-14 22:20:50 -0600
Processing by UsersController#index as */*
  [1m[36mUser Load (0.4ms)[0m  [1m[34mSELECT "users".* FROM "users"[0m
  ↳ app/controllers/users_controller.rb:8:in `index'
Completed 200 OK in 14ms (Views: 8.6ms | ActiveRecord: 3.6ms | Allocations: 9364)


Started GET "/users/statistics" for ::1 at 2022-01-14 22:21:20 -0600
Processing by UsersController#show as */*
  Parameters: {"id"=>"statistics"}
Completed 200 OK in 0ms (Views: 0.1ms | ActiveRecord: 0.0ms | Allocations: 104)


Started GET "/users" for ::1 at 2022-01-14 22:21:44 -0600
Processing by UsersController#index as */*
  [1m[36mUser Load (0.4ms)[0m  [1m[34mSELECT "users".* FROM "users"[0m
  ↳ app/controllers/users_controller.rb:8:in `index'
Completed 200 OK in 2ms (Views: 1.8ms | ActiveRecord: 0.4ms | Allocations: 782)


Started POST "/users" for ::1 at 2022-01-14 22:23:23 -0600
Processing by UsersController#create as */*
  Parameters: {"username"=>"test1", "password"=>"[FILTERED]", "in_game_name"=>"Ninja Guiden test1", "allegiance"=>"FK!T", "keep_level"=>34, "house_level"=>49, "power_level"=>274815270, "building_power"=>4964944, "research_power"=>4474695, "troop_power"=>355006045, "dragon_talent_power"=>1600500, "armory_power"=>10118457, "user"=>{"username"=>"test1", "password"=>"[FILTERED]", "in_game_name"=>"Ninja Guiden test1", "allegiance"=>"FK!T", "keep_level"=>34, "house_level"=>49, "power_level"=>274815270, "building_power"=>4964944, "research_power"=>4474695, "troop_power"=>355006045, "dragon_talent_power"=>1600500, "armory_power"=>10118457}}
  [1m[36mTRANSACTION (0.2ms)[0m  [1m[35mBEGIN[0m
  ↳ app/controllers/users_controller.rb:20:in `create'
  [1m[36mUser Create (0.4ms)[0m  [1m[32mINSERT INTO "users" ("username", "password", "in_game_name", "allegiance", "keep_level", "house_level", "power_level", "building_power", "research_power", "troop_power", "dragon_talent_power", "armory_power", "created_at", "updated_at") VALUES ($1, $2, $3, $4, $5, $6, $7, $8, $9, $10, $11, $12, $13, $14) RETURNING "id"[0m  [["username", "test1"], ["password", "1234"], ["in_game_name", "Ninja Guiden test1"], ["allegiance", "FK!T"], ["keep_level", 34], ["house_level", 49], ["power_level", 274815270], ["building_power", 4964944], ["research_power", 4474695], ["troop_power", 355006045], ["dragon_talent_power", 1600500], ["armory_power", 10118457], ["created_at", "2022-01-15 04:23:23.906775"], ["updated_at", "2022-01-15 04:23:23.906775"]]
  ↳ app/controllers/users_controller.rb:20:in `create'
  [1m[36mTRANSACTION (16.6ms)[0m  [1m[35mCOMMIT[0m
  ↳ app/controllers/users_controller.rb:20:in `create'
Completed 201 Created in 23ms (Views: 0.7ms | ActiveRecord: 17.2ms | Allocations: 3192)


Started GET "/statistics" for ::1 at 2022-01-14 22:24:02 -0600
Processing by StatisticsController#index as */*
  Parameters: {"username"=>"test1", "password"=>"[FILTERED]", "in_game_name"=>"Ninja Guiden test1", "allegiance"=>"FK!T", "keep_level"=>34, "house_level"=>49, "power_level"=>274815270, "building_power"=>4964944, "research_power"=>4474695, "troop_power"=>355006045, "dragon_talent_power"=>1600500, "armory_power"=>10118457, "statistic"=>{}}
  [1m[36mStatistic Load (0.5ms)[0m  [1m[34mSELECT "statistics".* FROM "statistics"[0m
  ↳ app/controllers/statistics_controller.rb:8:in `index'
Completed 200 OK in 22ms (Views: 20.2ms | ActiveRecord: 3.4ms | Allocations: 18753)


Started POST "/statistics" for ::1 at 2022-01-14 22:25:05 -0600
Processing by StatisticsController#create as */*
  Parameters: {"inf_attack"=>"175.969", "inf_defense"=>"27.96", "inf_health"=>"14.215", "inf_attack_vs_player"=>"52.386", "inf_defense_vs_player"=>"19.053", "inf_health_vs_player"=>"20.43", "inf_attack_vs_players_inf"=>"12.42", "inf_attack_vs_players_ranged"=>"4.94", "inf_attack_vs_players_cav"=>"279.003", "inf_defense_vs_players_cav"=>"242.705", "inf_defense_vs_players_inf"=>"8.359999999999999", "inf_defense_vs_players_ranged"=>"120.736", "inf_defense_vs_players_siege"=>"3.0", "cav_attack"=>"53.44", "cav_defense"=>"34.67", "cav_health"=>"22.61", "cav_attack_vs_player"=>"217.66", "cav_defense_vs_player"=>"175.25", "cav_health_vs_player"=>"16.27", "cav_attack_vs_players_inf"=>"14.98", "cav_attack_vs_players_ranged"=>"41.88", "cav_attack_vs_players_cav"=>"29.64", "cav_attack_vs_players_siege"=>"4.0", "cav_defense_vs_players_cav"=>"10.76", "cav_defense_vs_players_inf"=>"54.34", "cav_defense_vs_players_ranged"=>"52.4", "cav_defense_vs_players_siege"=>"3.0", "ranged_attack"=>"249.637", "ranged_defense"=>"211.486", "ranged_health"=>"200.694", "ranged_attack_vs_player"=>"555.162", "range_defense_vs_player"=>"387.333", "ranged_health_vs_player"=>"332.806", "ranged_attack_vs_players_inf"=>"357.828", "ranged_attack_vs_players_ranged"=>"190.438", "ranged_attack_vs_players_cav"=>"92.36", "ranged_attack_vs_players_siege"=>"4.0", "ranged_defense_vs_players_cav"=>"160.993", "ranged_defense_vs_players_inf"=>"262.878", "ranged_defense_vs_players_ranged"=>"74.795", "ranged_defense_vs_players_siege"=>"4.0", "statistic"=>{"inf_attack"=>"175.969", "inf_defense"=>"27.96", "inf_health"=>"14.215", "inf_attack_vs_player"=>"52.386", "inf_defense_vs_player"=>"19.053", "inf_health_vs_player"=>"20.43", "inf_attack_vs_players_inf"=>"12.42", "inf_attack_vs_players_ranged"=>"4.94", "inf_attack_vs_players_cav"=>"279.003", "inf_defense_vs_players_cav"=>"242.705", "inf_defense_vs_players_inf"=>"8.359999999999999", "inf_defense_vs_players_ranged"=>"120.736", "inf_defense_vs_players_siege"=>"3.0", "cav_attack"=>"53.44", "cav_defense"=>"34.67", "cav_health"=>"22.61", "cav_attack_vs_player"=>"217.66", "cav_defense_vs_player"=>"175.25", "cav_health_vs_player"=>"16.27", "cav_attack_vs_players_inf"=>"14.98", "cav_attack_vs_players_ranged"=>"41.88", "cav_attack_vs_players_cav"=>"29.64", "cav_attack_vs_players_siege"=>"4.0", "cav_defense_vs_players_cav"=>"10.76", "cav_defense_vs_players_inf"=>"54.34", "cav_defense_vs_players_ranged"=>"52.4", "cav_defense_vs_players_siege"=>"3.0", "ranged_attack"=>"249.637", "ranged_defense"=>"211.486", "ranged_health"=>"200.694", "ranged_attack_vs_player"=>"555.162", "range_defense_vs_player"=>"387.333", "ranged_health_vs_player"=>"332.806", "ranged_attack_vs_players_inf"=>"357.828", "ranged_attack_vs_players_ranged"=>"190.438", "ranged_attack_vs_players_cav"=>"92.36", "ranged_attack_vs_players_siege"=>"4.0", "ranged_defense_vs_players_cav"=>"160.993", "ranged_defense_vs_players_inf"=>"262.878", "ranged_defense_vs_players_ranged"=>"74.795", "ranged_defense_vs_players_siege"=>"4.0"}}
Completed 422 Unprocessable Entity in 21ms (Views: 15.3ms | ActiveRecord: 0.0ms | Allocations: 6234)


Started POST "/statistics" for ::1 at 2022-01-14 22:25:47 -0600
Processing by StatisticsController#create as */*
  Parameters: {"inf_attack"=>"175.969", "inf_defense"=>"27.96", "inf_health"=>"14.215", "inf_attack_vs_player"=>"52.386", "inf_defense_vs_player"=>"19.053", "inf_health_vs_player"=>"20.43", "inf_attack_vs_players_inf"=>"12.42", "inf_attack_vs_players_ranged"=>"4.94", "inf_attack_vs_players_cav"=>"279.003", "inf_defense_vs_players_cav"=>"242.705", "inf_defense_vs_players_inf"=>"8.359999999999999", "inf_defense_vs_players_ranged"=>"120.736", "inf_defense_vs_players_siege"=>"3.0", "cav_attack"=>"53.44", "cav_defense"=>"34.67", "cav_health"=>"22.61", "cav_attack_vs_player"=>"217.66", "cav_defense_vs_player"=>"175.25", "cav_health_vs_player"=>"16.27", "cav_attack_vs_players_inf"=>"14.98", "cav_attack_vs_players_ranged"=>"41.88", "cav_attack_vs_players_cav"=>"29.64", "cav_attack_vs_players_siege"=>"4.0", "cav_defense_vs_players_cav"=>"10.76", "cav_defense_vs_players_inf"=>"54.34", "cav_defense_vs_players_ranged"=>"52.4", "cav_defense_vs_players_siege"=>"3.0", "ranged_attack"=>"249.637", "ranged_defense"=>"211.486", "ranged_health"=>"200.694", "ranged_attack_vs_player"=>"555.162", "range_defense_vs_player"=>"387.333", "ranged_health_vs_player"=>"332.806", "ranged_attack_vs_players_inf"=>"357.828", "ranged_attack_vs_players_ranged"=>"190.438", "ranged_attack_vs_players_cav"=>"92.36", "ranged_attack_vs_players_siege"=>"4.0", "ranged_defense_vs_players_cav"=>"160.993", "ranged_defense_vs_players_inf"=>"262.878", "ranged_defense_vs_players_ranged"=>"74.795", "ranged_defense_vs_players_siege"=>"4.0", "user_id"=>2, "statistic"=>{"inf_attack"=>"175.969", "inf_defense"=>"27.96", "inf_health"=>"14.215", "inf_attack_vs_player"=>"52.386", "inf_defense_vs_player"=>"19.053", "inf_health_vs_player"=>"20.43", "inf_attack_vs_players_inf"=>"12.42", "inf_attack_vs_players_ranged"=>"4.94", "inf_attack_vs_players_cav"=>"279.003", "inf_defense_vs_players_cav"=>"242.705", "inf_defense_vs_players_inf"=>"8.359999999999999", "inf_defense_vs_players_ranged"=>"120.736", "inf_defense_vs_players_siege"=>"3.0", "cav_attack"=>"53.44", "cav_defense"=>"34.67", "cav_health"=>"22.61", "cav_attack_vs_player"=>"217.66", "cav_defense_vs_player"=>"175.25", "cav_health_vs_player"=>"16.27", "cav_attack_vs_players_inf"=>"14.98", "cav_attack_vs_players_ranged"=>"41.88", "cav_attack_vs_players_cav"=>"29.64", "cav_attack_vs_players_siege"=>"4.0", "cav_defense_vs_players_cav"=>"10.76", "cav_defense_vs_players_inf"=>"54.34", "cav_defense_vs_players_ranged"=>"52.4", "cav_defense_vs_players_siege"=>"3.0", "ranged_attack"=>"249.637", "ranged_defense"=>"211.486", "ranged_health"=>"200.694", "ranged_attack_vs_player"=>"555.162", "range_defense_vs_player"=>"387.333", "ranged_health_vs_player"=>"332.806", "ranged_attack_vs_players_inf"=>"357.828", "ranged_attack_vs_players_ranged"=>"190.438", "ranged_attack_vs_players_cav"=>"92.36", "ranged_attack_vs_players_siege"=>"4.0", "ranged_defense_vs_players_cav"=>"160.993", "ranged_defense_vs_players_inf"=>"262.878", "ranged_defense_vs_players_ranged"=>"74.795", "ranged_defense_vs_players_siege"=>"4.0", "user_id"=>2}}
[31mUnpermitted parameter: :user_id[0m
Completed 422 Unprocessable Entity in 2ms (Views: 0.4ms | ActiveRecord: 0.0ms | Allocations: 1180)


Started POST "/statistics" for ::1 at 2022-01-14 22:26:17 -0600
Processing by StatisticsController#create as */*
  Parameters: {"inf_attack"=>"175.969", "inf_defense"=>"27.96", "inf_health"=>"14.215", "inf_attack_vs_player"=>"52.386", "inf_defense_vs_player"=>"19.053", "inf_health_vs_player"=>"20.43", "inf_attack_vs_players_inf"=>"12.42", "inf_attack_vs_players_ranged"=>"4.94", "inf_attack_vs_players_cav"=>"279.003", "inf_defense_vs_players_cav"=>"242.705", "inf_defense_vs_players_inf"=>"8.359999999999999", "inf_defense_vs_players_ranged"=>"120.736", "inf_defense_vs_players_siege"=>"3.0", "cav_attack"=>"53.44", "cav_defense"=>"34.67", "cav_health"=>"22.61", "cav_attack_vs_player"=>"217.66", "cav_defense_vs_player"=>"175.25", "cav_health_vs_player"=>"16.27", "cav_attack_vs_players_inf"=>"14.98", "cav_attack_vs_players_ranged"=>"41.88", "cav_attack_vs_players_cav"=>"29.64", "cav_attack_vs_players_siege"=>"4.0", "cav_defense_vs_players_cav"=>"10.76", "cav_defense_vs_players_inf"=>"54.34", "cav_defense_vs_players_ranged"=>"52.4", "cav_defense_vs_players_siege"=>"3.0", "ranged_attack"=>"249.637", "ranged_defense"=>"211.486", "ranged_health"=>"200.694", "ranged_attack_vs_player"=>"555.162", "range_defense_vs_player"=>"387.333", "ranged_health_vs_player"=>"332.806", "ranged_attack_vs_players_inf"=>"357.828", "ranged_attack_vs_players_ranged"=>"190.438", "ranged_attack_vs_players_cav"=>"92.36", "ranged_attack_vs_players_siege"=>"4.0", "ranged_defense_vs_players_cav"=>"160.993", "ranged_defense_vs_players_inf"=>"262.878", "ranged_defense_vs_players_ranged"=>"74.795", "ranged_defense_vs_players_siege"=>"4.0", "user_id"=>2, "statistic"=>{"inf_attack"=>"175.969", "inf_defense"=>"27.96", "inf_health"=>"14.215", "inf_attack_vs_player"=>"52.386", "inf_defense_vs_player"=>"19.053", "inf_health_vs_player"=>"20.43", "inf_attack_vs_players_inf"=>"12.42", "inf_attack_vs_players_ranged"=>"4.94", "inf_attack_vs_players_cav"=>"279.003", "inf_defense_vs_players_cav"=>"242.705", "inf_defense_vs_players_inf"=>"8.359999999999999", "inf_defense_vs_players_ranged"=>"120.736", "inf_defense_vs_players_siege"=>"3.0", "cav_attack"=>"53.44", "cav_defense"=>"34.67", "cav_health"=>"22.61", "cav_attack_vs_player"=>"217.66", "cav_defense_vs_player"=>"175.25", "cav_health_vs_player"=>"16.27", "cav_attack_vs_players_inf"=>"14.98", "cav_attack_vs_players_ranged"=>"41.88", "cav_attack_vs_players_cav"=>"29.64", "cav_attack_vs_players_siege"=>"4.0", "cav_defense_vs_players_cav"=>"10.76", "cav_defense_vs_players_inf"=>"54.34", "cav_defense_vs_players_ranged"=>"52.4", "cav_defense_vs_players_siege"=>"3.0", "ranged_attack"=>"249.637", "ranged_defense"=>"211.486", "ranged_health"=>"200.694", "ranged_attack_vs_player"=>"555.162", "range_defense_vs_player"=>"387.333", "ranged_health_vs_player"=>"332.806", "ranged_attack_vs_players_inf"=>"357.828", "ranged_attack_vs_players_ranged"=>"190.438", "ranged_attack_vs_players_cav"=>"92.36", "ranged_attack_vs_players_siege"=>"4.0", "ranged_defense_vs_players_cav"=>"160.993", "ranged_defense_vs_players_inf"=>"262.878", "ranged_defense_vs_players_ranged"=>"74.795", "ranged_defense_vs_players_siege"=>"4.0", "user_id"=>2}}
[31mUnpermitted parameter: :user_id[0m
Completed 422 Unprocessable Entity in 30ms (Views: 0.5ms | ActiveRecord: 3.5ms | Allocations: 19286)


Started GET "/users" for ::1 at 2022-01-14 22:26:40 -0600
Processing by UsersController#index as HTML
  [1m[36mUser Load (0.4ms)[0m  [1m[34mSELECT "users".* FROM "users"[0m
  ↳ app/controllers/users_controller.rb:8:in `index'
Completed 200 OK in 13ms (Views: 9.9ms | ActiveRecord: 2.5ms | Allocations: 7896)


Started POST "/statistics" for ::1 at 2022-01-14 22:26:56 -0600
Processing by StatisticsController#create as */*
  Parameters: {"inf_attack"=>"175.969", "inf_defense"=>"27.96", "inf_health"=>"14.215", "inf_attack_vs_player"=>"52.386", "inf_defense_vs_player"=>"19.053", "inf_health_vs_player"=>"20.43", "inf_attack_vs_players_inf"=>"12.42", "inf_attack_vs_players_ranged"=>"4.94", "inf_attack_vs_players_cav"=>"279.003", "inf_defense_vs_players_cav"=>"242.705", "inf_defense_vs_players_inf"=>"8.359999999999999", "inf_defense_vs_players_ranged"=>"120.736", "inf_defense_vs_players_siege"=>"3.0", "cav_attack"=>"53.44", "cav_defense"=>"34.67", "cav_health"=>"22.61", "cav_attack_vs_player"=>"217.66", "cav_defense_vs_player"=>"175.25", "cav_health_vs_player"=>"16.27", "cav_attack_vs_players_inf"=>"14.98", "cav_attack_vs_players_ranged"=>"41.88", "cav_attack_vs_players_cav"=>"29.64", "cav_attack_vs_players_siege"=>"4.0", "cav_defense_vs_players_cav"=>"10.76", "cav_defense_vs_players_inf"=>"54.34", "cav_defense_vs_players_ranged"=>"52.4", "cav_defense_vs_players_siege"=>"3.0", "ranged_attack"=>"249.637", "ranged_defense"=>"211.486", "ranged_health"=>"200.694", "ranged_attack_vs_player"=>"555.162", "range_defense_vs_player"=>"387.333", "ranged_health_vs_player"=>"332.806", "ranged_attack_vs_players_inf"=>"357.828", "ranged_attack_vs_players_ranged"=>"190.438", "ranged_attack_vs_players_cav"=>"92.36", "ranged_attack_vs_players_siege"=>"4.0", "ranged_defense_vs_players_cav"=>"160.993", "ranged_defense_vs_players_inf"=>"262.878", "ranged_defense_vs_players_ranged"=>"74.795", "ranged_defense_vs_players_siege"=>"4.0", "user_id"=>2, "statistic"=>{"inf_attack"=>"175.969", "inf_defense"=>"27.96", "inf_health"=>"14.215", "inf_attack_vs_player"=>"52.386", "inf_defense_vs_player"=>"19.053", "inf_health_vs_player"=>"20.43", "inf_attack_vs_players_inf"=>"12.42", "inf_attack_vs_players_ranged"=>"4.94", "inf_attack_vs_players_cav"=>"279.003", "inf_defense_vs_players_cav"=>"242.705", "inf_defense_vs_players_inf"=>"8.359999999999999", "inf_defense_vs_players_ranged"=>"120.736", "inf_defense_vs_players_siege"=>"3.0", "cav_attack"=>"53.44", "cav_defense"=>"34.67", "cav_health"=>"22.61", "cav_attack_vs_player"=>"217.66", "cav_defense_vs_player"=>"175.25", "cav_health_vs_player"=>"16.27", "cav_attack_vs_players_inf"=>"14.98", "cav_attack_vs_players_ranged"=>"41.88", "cav_attack_vs_players_cav"=>"29.64", "cav_attack_vs_players_siege"=>"4.0", "cav_defense_vs_players_cav"=>"10.76", "cav_defense_vs_players_inf"=>"54.34", "cav_defense_vs_players_ranged"=>"52.4", "cav_defense_vs_players_siege"=>"3.0", "ranged_attack"=>"249.637", "ranged_defense"=>"211.486", "ranged_health"=>"200.694", "ranged_attack_vs_player"=>"555.162", "range_defense_vs_player"=>"387.333", "ranged_health_vs_player"=>"332.806", "ranged_attack_vs_players_inf"=>"357.828", "ranged_attack_vs_players_ranged"=>"190.438", "ranged_attack_vs_players_cav"=>"92.36", "ranged_attack_vs_players_siege"=>"4.0", "ranged_defense_vs_players_cav"=>"160.993", "ranged_defense_vs_players_inf"=>"262.878", "ranged_defense_vs_players_ranged"=>"74.795", "ranged_defense_vs_players_siege"=>"4.0", "user_id"=>2}}
[31mUnpermitted parameter: :user_id[0m
Completed 422 Unprocessable Entity in 4ms (Views: 0.8ms | ActiveRecord: 0.0ms | Allocations: 1128)


Started POST "/statistics" for ::1 at 2022-01-14 22:27:36 -0600
Processing by StatisticsController#create as */*
  Parameters: {"inf_attack"=>"175.969", "inf_defense"=>"27.96", "inf_health"=>"14.215", "inf_attack_vs_player"=>"52.386", "inf_defense_vs_player"=>"19.053", "inf_health_vs_player"=>"20.43", "inf_attack_vs_players_inf"=>"12.42", "inf_attack_vs_players_ranged"=>"4.94", "inf_attack_vs_players_cav"=>"279.003", "inf_defense_vs_players_cav"=>"242.705", "inf_defense_vs_players_inf"=>"8.359999999999999", "inf_defense_vs_players_ranged"=>"120.736", "inf_defense_vs_players_siege"=>"3.0", "cav_attack"=>"53.44", "cav_defense"=>"34.67", "cav_health"=>"22.61", "cav_attack_vs_player"=>"217.66", "cav_defense_vs_player"=>"175.25", "cav_health_vs_player"=>"16.27", "cav_attack_vs_players_inf"=>"14.98", "cav_attack_vs_players_ranged"=>"41.88", "cav_attack_vs_players_cav"=>"29.64", "cav_attack_vs_players_siege"=>"4.0", "cav_defense_vs_players_cav"=>"10.76", "cav_defense_vs_players_inf"=>"54.34", "cav_defense_vs_players_ranged"=>"52.4", "cav_defense_vs_players_siege"=>"3.0", "ranged_attack"=>"249.637", "ranged_defense"=>"211.486", "ranged_health"=>"200.694", "ranged_attack_vs_player"=>"555.162", "range_defense_vs_player"=>"387.333", "ranged_health_vs_player"=>"332.806", "ranged_attack_vs_players_inf"=>"357.828", "ranged_attack_vs_players_ranged"=>"190.438", "ranged_attack_vs_players_cav"=>"92.36", "ranged_attack_vs_players_siege"=>"4.0", "ranged_defense_vs_players_cav"=>"160.993", "ranged_defense_vs_players_inf"=>"262.878", "ranged_defense_vs_players_ranged"=>"74.795", "ranged_defense_vs_players_siege"=>"4.0", "statistic"=>{"inf_attack"=>"175.969", "inf_defense"=>"27.96", "inf_health"=>"14.215", "inf_attack_vs_player"=>"52.386", "inf_defense_vs_player"=>"19.053", "inf_health_vs_player"=>"20.43", "inf_attack_vs_players_inf"=>"12.42", "inf_attack_vs_players_ranged"=>"4.94", "inf_attack_vs_players_cav"=>"279.003", "inf_defense_vs_players_cav"=>"242.705", "inf_defense_vs_players_inf"=>"8.359999999999999", "inf_defense_vs_players_ranged"=>"120.736", "inf_defense_vs_players_siege"=>"3.0", "cav_attack"=>"53.44", "cav_defense"=>"34.67", "cav_health"=>"22.61", "cav_attack_vs_player"=>"217.66", "cav_defense_vs_player"=>"175.25", "cav_health_vs_player"=>"16.27", "cav_attack_vs_players_inf"=>"14.98", "cav_attack_vs_players_ranged"=>"41.88", "cav_attack_vs_players_cav"=>"29.64", "cav_attack_vs_players_siege"=>"4.0", "cav_defense_vs_players_cav"=>"10.76", "cav_defense_vs_players_inf"=>"54.34", "cav_defense_vs_players_ranged"=>"52.4", "cav_defense_vs_players_siege"=>"3.0", "ranged_attack"=>"249.637", "ranged_defense"=>"211.486", "ranged_health"=>"200.694", "ranged_attack_vs_player"=>"555.162", "range_defense_vs_player"=>"387.333", "ranged_health_vs_player"=>"332.806", "ranged_attack_vs_players_inf"=>"357.828", "ranged_attack_vs_players_ranged"=>"190.438", "ranged_attack_vs_players_cav"=>"92.36", "ranged_attack_vs_players_siege"=>"4.0", "ranged_defense_vs_players_cav"=>"160.993", "ranged_defense_vs_players_inf"=>"262.878", "ranged_defense_vs_players_ranged"=>"74.795", "ranged_defense_vs_players_siege"=>"4.0"}}
Completed 422 Unprocessable Entity in 2ms (Views: 0.4ms | ActiveRecord: 0.0ms | Allocations: 1012)


Started GET "/statistics" for ::1 at 2022-01-14 22:28:03 -0600
Processing by StatisticsController#index as HTML
  [1m[36mStatistic Load (0.2ms)[0m  [1m[34mSELECT "statistics".* FROM "statistics"[0m
  ↳ app/controllers/statistics_controller.rb:8:in `index'
Completed 200 OK in 2ms (Views: 1.5ms | ActiveRecord: 0.2ms | Allocations: 1565)


Started POST "/users/statistics" for ::1 at 2022-01-14 22:28:44 -0600
  
ActionController::RoutingError (No route matches [POST] "/users/statistics"):
  
Started POST "/statistics" for ::1 at 2022-01-14 22:29:19 -0600
Processing by StatisticsController#create as */*
  Parameters: {"inf_attack"=>"175.969", "inf_defense"=>"27.96", "inf_health"=>"14.215", "inf_attack_vs_player"=>"52.386", "inf_defense_vs_player"=>"19.053", "inf_health_vs_player"=>"20.43", "inf_attack_vs_players_inf"=>"12.42", "inf_attack_vs_players_ranged"=>"4.94", "inf_attack_vs_players_cav"=>"279.003", "inf_defense_vs_players_cav"=>"242.705", "inf_defense_vs_players_inf"=>"8.359999999999999", "inf_defense_vs_players_ranged"=>"120.736", "inf_defense_vs_players_siege"=>"3.0", "cav_attack"=>"53.44", "cav_defense"=>"34.67", "cav_health"=>"22.61", "cav_attack_vs_player"=>"217.66", "cav_defense_vs_player"=>"175.25", "cav_health_vs_player"=>"16.27", "cav_attack_vs_players_inf"=>"14.98", "cav_attack_vs_players_ranged"=>"41.88", "cav_attack_vs_players_cav"=>"29.64", "cav_attack_vs_players_siege"=>"4.0", "cav_defense_vs_players_cav"=>"10.76", "cav_defense_vs_players_inf"=>"54.34", "cav_defense_vs_players_ranged"=>"52.4", "cav_defense_vs_players_siege"=>"3.0", "ranged_attack"=>"249.637", "ranged_defense"=>"211.486", "ranged_health"=>"200.694", "ranged_attack_vs_player"=>"555.162", "range_defense_vs_player"=>"387.333", "ranged_health_vs_player"=>"332.806", "ranged_attack_vs_players_inf"=>"357.828", "ranged_attack_vs_players_ranged"=>"190.438", "ranged_attack_vs_players_cav"=>"92.36", "ranged_attack_vs_players_siege"=>"4.0", "ranged_defense_vs_players_cav"=>"160.993", "ranged_defense_vs_players_inf"=>"262.878", "ranged_defense_vs_players_ranged"=>"74.795", "ranged_defense_vs_players_siege"=>"4.0", "user_id"=>2, "statistic"=>{"inf_attack"=>"175.969", "inf_defense"=>"27.96", "inf_health"=>"14.215", "inf_attack_vs_player"=>"52.386", "inf_defense_vs_player"=>"19.053", "inf_health_vs_player"=>"20.43", "inf_attack_vs_players_inf"=>"12.42", "inf_attack_vs_players_ranged"=>"4.94", "inf_attack_vs_players_cav"=>"279.003", "inf_defense_vs_players_cav"=>"242.705", "inf_defense_vs_players_inf"=>"8.359999999999999", "inf_defense_vs_players_ranged"=>"120.736", "inf_defense_vs_players_siege"=>"3.0", "cav_attack"=>"53.44", "cav_defense"=>"34.67", "cav_health"=>"22.61", "cav_attack_vs_player"=>"217.66", "cav_defense_vs_player"=>"175.25", "cav_health_vs_player"=>"16.27", "cav_attack_vs_players_inf"=>"14.98", "cav_attack_vs_players_ranged"=>"41.88", "cav_attack_vs_players_cav"=>"29.64", "cav_attack_vs_players_siege"=>"4.0", "cav_defense_vs_players_cav"=>"10.76", "cav_defense_vs_players_inf"=>"54.34", "cav_defense_vs_players_ranged"=>"52.4", "cav_defense_vs_players_siege"=>"3.0", "ranged_attack"=>"249.637", "ranged_defense"=>"211.486", "ranged_health"=>"200.694", "ranged_attack_vs_player"=>"555.162", "range_defense_vs_player"=>"387.333", "ranged_health_vs_player"=>"332.806", "ranged_attack_vs_players_inf"=>"357.828", "ranged_attack_vs_players_ranged"=>"190.438", "ranged_attack_vs_players_cav"=>"92.36", "ranged_attack_vs_players_siege"=>"4.0", "ranged_defense_vs_players_cav"=>"160.993", "ranged_defense_vs_players_inf"=>"262.878", "ranged_defense_vs_players_ranged"=>"74.795", "ranged_defense_vs_players_siege"=>"4.0", "user_id"=>2}}
[31mUnpermitted parameter: :user_id[0m
Completed 422 Unprocessable Entity in 3ms (Views: 0.4ms | ActiveRecord: 0.0ms | Allocations: 1047)


Started POST "/statistics" for ::1 at 2022-01-14 22:29:48 -0600
Processing by StatisticsController#create as */*
  Parameters: {"inf_attack"=>"175.969", "inf_defense"=>"27.96", "inf_health"=>"14.215", "inf_attack_vs_player"=>"52.386", "inf_defense_vs_player"=>"19.053", "inf_health_vs_player"=>"20.43", "inf_attack_vs_players_inf"=>"12.42", "inf_attack_vs_players_ranged"=>"4.94", "inf_attack_vs_players_cav"=>"279.003", "inf_defense_vs_players_cav"=>"242.705", "inf_defense_vs_players_inf"=>"8.359999999999999", "inf_defense_vs_players_ranged"=>"120.736", "inf_defense_vs_players_siege"=>"3.0", "cav_attack"=>"53.44", "cav_defense"=>"34.67", "cav_health"=>"22.61", "cav_attack_vs_player"=>"217.66", "cav_defense_vs_player"=>"175.25", "cav_health_vs_player"=>"16.27", "cav_attack_vs_players_inf"=>"14.98", "cav_attack_vs_players_ranged"=>"41.88", "cav_attack_vs_players_cav"=>"29.64", "cav_attack_vs_players_siege"=>"4.0", "cav_defense_vs_players_cav"=>"10.76", "cav_defense_vs_players_inf"=>"54.34", "cav_defense_vs_players_ranged"=>"52.4", "cav_defense_vs_players_siege"=>"3.0", "ranged_attack"=>"249.637", "ranged_defense"=>"211.486", "ranged_health"=>"200.694", "ranged_attack_vs_player"=>"555.162", "range_defense_vs_player"=>"387.333", "ranged_health_vs_player"=>"332.806", "ranged_attack_vs_players_inf"=>"357.828", "ranged_attack_vs_players_ranged"=>"190.438", "ranged_attack_vs_players_cav"=>"92.36", "ranged_attack_vs_players_siege"=>"4.0", "ranged_defense_vs_players_cav"=>"160.993", "ranged_defense_vs_players_inf"=>"262.878", "ranged_defense_vs_players_ranged"=>"74.795", "ranged_defense_vs_players_siege"=>"4.0", "user_id"=>2, "statistic"=>{"inf_attack"=>"175.969", "inf_defense"=>"27.96", "inf_health"=>"14.215", "inf_attack_vs_player"=>"52.386", "inf_defense_vs_player"=>"19.053", "inf_health_vs_player"=>"20.43", "inf_attack_vs_players_inf"=>"12.42", "inf_attack_vs_players_ranged"=>"4.94", "inf_attack_vs_players_cav"=>"279.003", "inf_defense_vs_players_cav"=>"242.705", "inf_defense_vs_players_inf"=>"8.359999999999999", "inf_defense_vs_players_ranged"=>"120.736", "inf_defense_vs_players_siege"=>"3.0", "cav_attack"=>"53.44", "cav_defense"=>"34.67", "cav_health"=>"22.61", "cav_attack_vs_player"=>"217.66", "cav_defense_vs_player"=>"175.25", "cav_health_vs_player"=>"16.27", "cav_attack_vs_players_inf"=>"14.98", "cav_attack_vs_players_ranged"=>"41.88", "cav_attack_vs_players_cav"=>"29.64", "cav_attack_vs_players_siege"=>"4.0", "cav_defense_vs_players_cav"=>"10.76", "cav_defense_vs_players_inf"=>"54.34", "cav_defense_vs_players_ranged"=>"52.4", "cav_defense_vs_players_siege"=>"3.0", "ranged_attack"=>"249.637", "ranged_defense"=>"211.486", "ranged_health"=>"200.694", "ranged_attack_vs_player"=>"555.162", "range_defense_vs_player"=>"387.333", "ranged_health_vs_player"=>"332.806", "ranged_attack_vs_players_inf"=>"357.828", "ranged_attack_vs_players_ranged"=>"190.438", "ranged_attack_vs_players_cav"=>"92.36", "ranged_attack_vs_players_siege"=>"4.0", "ranged_defense_vs_players_cav"=>"160.993", "ranged_defense_vs_players_inf"=>"262.878", "ranged_defense_vs_players_ranged"=>"74.795", "ranged_defense_vs_players_siege"=>"4.0", "user_id"=>2}}
[31mUnpermitted parameter: :user_id[0m
  [1m[36mTRANSACTION (0.2ms)[0m  [1m[35mBEGIN[0m
  ↳ app/controllers/statistics_controller.rb:20:in `create'
  [1m[36mStatistic Create (0.6ms)[0m  [1m[32mINSERT INTO "statistics" ("inf_attack", "inf_defense", "inf_health", "inf_attack_vs_player", "inf_defense_vs_player", "inf_health_vs_player", "inf_attack_vs_players_inf", "inf_attack_vs_players_ranged", "inf_attack_vs_players_cav", "inf_defense_vs_players_cav", "inf_defense_vs_players_inf", "inf_defense_vs_players_ranged", "inf_defense_vs_players_siege", "cav_attack", "cav_defense", "cav_health", "cav_attack_vs_player", "cav_defense_vs_player", "cav_health_vs_player", "cav_attack_vs_players_inf", "cav_attack_vs_players_ranged", "cav_attack_vs_players_cav", "cav_attack_vs_players_siege", "cav_defense_vs_players_cav", "cav_defense_vs_players_inf", "cav_defense_vs_players_ranged", "cav_defense_vs_players_siege", "ranged_attack", "ranged_defense", "ranged_health", "ranged_attack_vs_player", "range_defense_vs_player", "ranged_health_vs_player", "ranged_attack_vs_players_inf", "ranged_attack_vs_players_ranged", "ranged_attack_vs_players_cav", "ranged_attack_vs_players_siege", "ranged_defense_vs_players_cav", "ranged_defense_vs_players_inf", "ranged_defense_vs_players_ranged", "ranged_defense_vs_players_siege", "created_at", "updated_at") VALUES ($1, $2, $3, $4, $5, $6, $7, $8, $9, $10, $11, $12, $13, $14, $15, $16, $17, $18, $19, $20, $21, $22, $23, $24, $25, $26, $27, $28, $29, $30, $31, $32, $33, $34, $35, $36, $37, $38, $39, $40, $41, $42, $43) RETURNING "id"[0m  [["inf_attack", "175.969"], ["inf_defense", "27.96"], ["inf_health", "14.215"], ["inf_attack_vs_player", "52.386"], ["inf_defense_vs_player", "19.053"], ["inf_health_vs_player", "20.43"], ["inf_attack_vs_players_inf", "12.42"], ["inf_attack_vs_players_ranged", "4.94"], ["inf_attack_vs_players_cav", "279.003"], ["inf_defense_vs_players_cav", "242.705"], ["inf_defense_vs_players_inf", "8.359999999999999"], ["inf_defense_vs_players_ranged", "120.736"], ["inf_defense_vs_players_siege", "3.0"], ["cav_attack", "53.44"], ["cav_defense", "34.67"], ["cav_health", "22.61"], ["cav_attack_vs_player", "217.66"], ["cav_defense_vs_player", "175.25"], ["cav_health_vs_player", "16.27"], ["cav_attack_vs_players_inf", "14.98"], ["cav_attack_vs_players_ranged", "41.88"], ["cav_attack_vs_players_cav", "29.64"], ["cav_attack_vs_players_siege", "4.0"], ["cav_defense_vs_players_cav", "10.76"], ["cav_defense_vs_players_inf", "54.34"], ["cav_defense_vs_players_ranged", "52.4"], ["cav_defense_vs_players_siege", "3.0"], ["ranged_attack", "249.637"], ["ranged_defense", "211.486"], ["ranged_health", "200.694"], ["ranged_attack_vs_player", "555.162"], ["range_defense_vs_player", "387.333"], ["ranged_health_vs_player", "332.806"], ["ranged_attack_vs_players_inf", "357.828"], ["ranged_attack_vs_players_ranged", "190.438"], ["ranged_attack_vs_players_cav", "92.36"], ["ranged_attack_vs_players_siege", "4.0"], ["ranged_defense_vs_players_cav", "160.993"], ["ranged_defense_vs_players_inf", "262.878"], ["ranged_defense_vs_players_ranged", "74.795"], ["ranged_defense_vs_players_siege", "4.0"], ["created_at", "2022-01-15 04:29:48.535870"], ["updated_at", "2022-01-15 04:29:48.535870"]]
  ↳ app/controllers/statistics_controller.rb:20:in `create'
  [1m[36mTRANSACTION (5.0ms)[0m  [1m[35mCOMMIT[0m
  ↳ app/controllers/statistics_controller.rb:20:in `create'
Completed 201 Created in 30ms (Views: 0.8ms | ActiveRecord: 9.0ms | Allocations: 21201)


Started GET "/statistics" for ::1 at 2022-01-14 22:32:54 -0600
Processing by StatisticsController#index as HTML
  [1m[36mStatistic Load (0.4ms)[0m  [1m[34mSELECT "statistics".* FROM "statistics"[0m
  ↳ app/controllers/statistics_controller.rb:8:in `index'
Completed 200 OK in 4ms (Views: 3.1ms | ActiveRecord: 0.4ms | Allocations: 2257)


Started PUT "/statistics/2" for ::1 at 2022-01-14 22:33:48 -0600
Processing by StatisticsController#update as */*
  Parameters: {"user_id"=>2, "id"=>"2", "statistic"=>{"user_id"=>2}}
[31mUnpermitted parameter: :user_id[0m
Completed 500 Internal Server Error in 2ms (ActiveRecord: 1.5ms | Allocations: 871)


  
NoMethodError (undefined method `update' for nil:NilClass):
  
app/controllers/statistics_controller.rb:29:in `update'
Started PUT "/statistics/2" for ::1 at 2022-01-14 22:34:35 -0600
Processing by StatisticsController#update as */*
  Parameters: {"user_id"=>2, "id"=>"2", "statistic"=>{"user_id"=>2}}
  [1m[36mStatistic Load (0.3ms)[0m  [1m[34mSELECT "statistics".* FROM "statistics" WHERE "statistics"."id" = $1 LIMIT $2[0m  [["id", 2], ["LIMIT", 1]]
  ↳ app/controllers/statistics_controller.rb:44:in `set_statistic'
[31mUnpermitted parameter: :user_id[0m
Completed 422 Unprocessable Entity in 23ms (Views: 0.5ms | ActiveRecord: 4.2ms | Allocations: 20608)


Started PUT "/statistics/2" for ::1 at 2022-01-14 22:34:52 -0600
Processing by StatisticsController#update as */*
  Parameters: {"user_id"=>2, "id"=>"2", "statistic"=>{"user_id"=>2}}
[31mUnpermitted parameter: :user_id[0m
Completed 500 Internal Server Error in 1ms (ActiveRecord: 1.3ms | Allocations: 812)


  
NoMethodError (undefined method `update' for nil:NilClass):
  
app/controllers/statistics_controller.rb:29:in `update'
Started PUT "/statistics/2" for ::1 at 2022-01-14 22:35:02 -0600
Processing by StatisticsController#update as */*
  Parameters: {"user_id"=>2, "id"=>"2", "statistic"=>{"user_id"=>2}}
  [1m[36mStatistic Load (0.3ms)[0m  [1m[34mSELECT "statistics".* FROM "statistics" WHERE "statistics"."id" = $1 LIMIT $2[0m  [["id", 2], ["LIMIT", 1]]
  ↳ app/controllers/statistics_controller.rb:44:in `set_statistic'
[31mUnpermitted parameter: :user_id[0m
Completed 200 OK in 22ms (Views: 0.5ms | ActiveRecord: 3.3ms | Allocations: 19530)


Started PUT "/statistics/2" for ::1 at 2022-01-14 22:35:34 -0600
Processing by StatisticsController#update as */*
  Parameters: {"user_id"=>2, "id"=>"2", "statistic"=>{"user_id"=>2}}
Completed 500 Internal Server Error in 5ms (ActiveRecord: 2.1ms | Allocations: 1837)


  
NoMethodError (undefined method `set_statistic' for #<StatisticsController:0x0000000000f7f8>):
  
activesupport (6.1.4.4) lib/active_support/callbacks.rb:427:in `block in make_lambda'
activesupport (6.1.4.4) lib/active_support/callbacks.rb:179:in `block (2 levels) in halting_and_conditional'
actionpack (6.1.4.4) lib/abstract_controller/callbacks.rb:34:in `block (2 levels) in <module:Callbacks>'
activesupport (6.1.4.4) lib/active_support/callbacks.rb:180:in `block in halting_and_conditional'
activesupport (6.1.4.4) lib/active_support/callbacks.rb:512:in `block in invoke_before'
activesupport (6.1.4.4) lib/active_support/callbacks.rb:512:in `each'
activesupport (6.1.4.4) lib/active_support/callbacks.rb:512:in `invoke_before'
activesupport (6.1.4.4) lib/active_support/callbacks.rb:105:in `run_callbacks'
actionpack (6.1.4.4) lib/abstract_controller/callbacks.rb:41:in `process_action'
actionpack (6.1.4.4) lib/action_controller/metal/rescue.rb:22:in `process_action'
actionpack (6.1.4.4) lib/action_controller/metal/instrumentation.rb:34:in `block in process_action'
activesupport (6.1.4.4) lib/active_support/notifications.rb:203:in `block in instrument'
activesupport (6.1.4.4) lib/active_support/notifications/instrumenter.rb:24:in `instrument'
activesupport (6.1.4.4) lib/active_support/notifications.rb:203:in `instrument'
actionpack (6.1.4.4) lib/action_controller/metal/instrumentation.rb:33:in `process_action'
actionpack (6.1.4.4) lib/action_controller/metal/params_wrapper.rb:249:in `process_action'
activerecord (6.1.4.4) lib/active_record/railties/controller_runtime.rb:27:in `process_action'
actionpack (6.1.4.4) lib/abstract_controller/base.rb:165:in `process'
actionpack (6.1.4.4) lib/action_controller/metal.rb:190:in `dispatch'
actionpack (6.1.4.4) lib/action_controller/metal.rb:254:in `dispatch'
actionpack (6.1.4.4) lib/action_dispatch/routing/route_set.rb:50:in `dispatch'
actionpack (6.1.4.4) lib/action_dispatch/routing/route_set.rb:33:in `serve'
actionpack (6.1.4.4) lib/action_dispatch/journey/router.rb:50:in `block in serve'
actionpack (6.1.4.4) lib/action_dispatch/journey/router.rb:32:in `each'
actionpack (6.1.4.4) lib/action_dispatch/journey/router.rb:32:in `serve'
actionpack (6.1.4.4) lib/action_dispatch/routing/route_set.rb:842:in `call'
rack (2.2.3) lib/rack/etag.rb:27:in `call'
rack (2.2.3) lib/rack/conditional_get.rb:40:in `call'
rack (2.2.3) lib/rack/head.rb:12:in `call'
activerecord (6.1.4.4) lib/active_record/migration.rb:601:in `call'
actionpack (6.1.4.4) lib/action_dispatch/middleware/callbacks.rb:27:in `block in call'
activesupport (6.1.4.4) lib/active_support/callbacks.rb:98:in `run_callbacks'
actionpack (6.1.4.4) lib/action_dispatch/middleware/callbacks.rb:26:in `call'
actionpack (6.1.4.4) lib/action_dispatch/middleware/executor.rb:14:in `call'
actionpack (6.1.4.4) lib/action_dispatch/middleware/actionable_exceptions.rb:18:in `call'
actionpack (6.1.4.4) lib/action_dispatch/middleware/debug_exceptions.rb:29:in `call'
actionpack (6.1.4.4) lib/action_dispatch/middleware/show_exceptions.rb:33:in `call'
railties (6.1.4.4) lib/rails/rack/logger.rb:37:in `call_app'
railties (6.1.4.4) lib/rails/rack/logger.rb:26:in `block in call'
activesupport (6.1.4.4) lib/active_support/tagged_logging.rb:99:in `block in tagged'
activesupport (6.1.4.4) lib/active_support/tagged_logging.rb:37:in `tagged'
activesupport (6.1.4.4) lib/active_support/tagged_logging.rb:99:in `tagged'
railties (6.1.4.4) lib/rails/rack/logger.rb:26:in `call'
actionpack (6.1.4.4) lib/action_dispatch/middleware/remote_ip.rb:81:in `call'
actionpack (6.1.4.4) lib/action_dispatch/middleware/request_id.rb:26:in `call'
rack (2.2.3) lib/rack/runtime.rb:22:in `call'
activesupport (6.1.4.4) lib/active_support/cache/strategy/local_cache_middleware.rb:29:in `call'
actionpack (6.1.4.4) lib/action_dispatch/middleware/executor.rb:14:in `call'
actionpack (6.1.4.4) lib/action_dispatch/middleware/static.rb:24:in `call'
rack (2.2.3) lib/rack/sendfile.rb:110:in `call'
actionpack (6.1.4.4) lib/action_dispatch/middleware/host_authorization.rb:119:in `call'
railties (6.1.4.4) lib/rails/engine.rb:539:in `call'
puma (5.5.2) lib/puma/configuration.rb:249:in `call'
puma (5.5.2) lib/puma/request.rb:77:in `block in handle_request'
puma (5.5.2) lib/puma/thread_pool.rb:340:in `with_force_shutdown'
puma (5.5.2) lib/puma/request.rb:76:in `handle_request'
puma (5.5.2) lib/puma/server.rb:447:in `process_client'
puma (5.5.2) lib/puma/thread_pool.rb:147:in `block in spawn_thread'
Started PUT "/statistics/2" for ::1 at 2022-01-14 22:35:40 -0600
Processing by StatisticsController#update as */*
  Parameters: {"user_id"=>2, "id"=>"2", "statistic"=>{"user_id"=>2}}
[31mUnpermitted parameter: :user_id[0m
Completed 500 Internal Server Error in 1ms (ActiveRecord: 1.8ms | Allocations: 812)


  
NoMethodError (undefined method `update' for nil:NilClass):
  
app/controllers/statistics_controller.rb:29:in `update'
Started PUT "/statistics/2" for ::1 at 2022-01-14 22:37:47 -0600
Processing by StatisticsController#update as */*
  Parameters: {"user_id"=>2, "id"=>"2", "statistic"=>{"user_id"=>2}}
  [1m[36mStatistic Load (0.4ms)[0m  [1m[34mSELECT "statistics".* FROM "statistics" WHERE "statistics"."id" = $1 LIMIT $2[0m  [["id", 2], ["LIMIT", 1]]
  ↳ app/controllers/statistics_controller.rb:29:in `update'
[31mUnpermitted parameter: :user_id[0m
Completed 200 OK in 22ms (Views: 0.5ms | ActiveRecord: 4.0ms | Allocations: 19516)


Started PUT "/statistics/2" for ::1 at 2022-01-14 22:38:00 -0600
Processing by StatisticsController#update as */*
  Parameters: {"user_id"=>2, "id"=>"2", "statistic"=>{"user_id"=>2}}
  [1m[36mStatistic Load (0.2ms)[0m  [1m[34mSELECT "statistics".* FROM "statistics" WHERE "statistics"."id" = $1 LIMIT $2[0m  [["id", 2], ["LIMIT", 1]]
  ↳ app/controllers/statistics_controller.rb:29:in `update'
[31mUnpermitted parameter: :user_id[0m
Completed 200 OK in 21ms (Views: 0.5ms | ActiveRecord: 3.2ms | Allocations: 20086)


Started PUT "/statistics/2" for ::1 at 2022-01-14 22:39:17 -0600
Processing by StatisticsController#update as */*
  Parameters: {"user_id"=>2, "id"=>"2", "statistic"=>{"user_id"=>2}}
Completed 500 Internal Server Error in 1ms (ActiveRecord: 1.9ms | Allocations: 788)


  
NoMethodError (undefined method `update' for nil:NilClass):
  
app/controllers/statistics_controller.rb:32:in `update'
Started PUT "/statistics/2" for ::1 at 2022-01-14 22:39:23 -0600
Processing by StatisticsController#update as */*
  Parameters: {"user_id"=>2, "id"=>"2", "statistic"=>{"user_id"=>2}}
  [1m[36mStatistic Load (0.3ms)[0m  [1m[34mSELECT "statistics".* FROM "statistics" WHERE "statistics"."id" = $1 LIMIT $2[0m  [["id", 2], ["LIMIT", 1]]
  ↳ app/controllers/statistics_controller.rb:29:in `update'
  [1m[36mTRANSACTION (0.2ms)[0m  [1m[35mBEGIN[0m
  ↳ app/controllers/statistics_controller.rb:30:in `update'
  [1m[36mUser Load (0.3ms)[0m  [1m[34mSELECT "users".* FROM "users" WHERE "users"."id" = $1 LIMIT $2[0m  [["id", 2], ["LIMIT", 1]]
  ↳ app/controllers/statistics_controller.rb:30:in `update'
  [1m[36mStatistic Update (0.5ms)[0m  [1m[33mUPDATE "statistics" SET "updated_at" = $1, "user_id" = $2 WHERE "statistics"."id" = $3[0m  [["updated_at", "2022-01-15 04:39:24.032669"], ["user_id", 2], ["id", 2]]
  ↳ app/controllers/statistics_controller.rb:30:in `update'
  [1m[36mTRANSACTION (5.7ms)[0m  [1m[35mCOMMIT[0m
  ↳ app/controllers/statistics_controller.rb:30:in `update'
Completed 200 OK in 44ms (Views: 0.7ms | ActiveRecord: 12.8ms | Allocations: 30640)


Started GET "/statistics" for ::1 at 2022-01-14 22:39:37 -0600
Processing by StatisticsController#index as HTML
  [1m[36mStatistic Load (0.3ms)[0m  [1m[34mSELECT "statistics".* FROM "statistics"[0m
  ↳ app/controllers/statistics_controller.rb:8:in `index'
Completed 200 OK in 4ms (Views: 3.2ms | ActiveRecord: 0.3ms | Allocations: 2194)


Started GET "/users/1" for ::1 at 2022-01-14 22:43:13 -0600
Processing by UsersController#show as HTML
  Parameters: {"id"=>"1"}
Completed 500 Internal Server Error in 1ms (ActiveRecord: 0.0ms | Allocations: 579)


  
NoMethodError (undefined method `statistics' for nil:NilClass):
  
app/controllers/users_controller.rb:13:in `show'
Started GET "/users/1" for ::1 at 2022-01-14 22:45:45 -0600
Processing by UsersController#show as HTML
  Parameters: {"id"=>"1"}
Completed 200 OK in 0ms (Views: 0.1ms | ActiveRecord: 0.0ms | Allocations: 196)


Started GET "/users/1" for ::1 at 2022-01-14 22:47:09 -0600
Processing by UsersController#show as HTML
  Parameters: {"id"=>"1"}
Completed 200 OK in 0ms (Views: 0.1ms | ActiveRecord: 0.0ms | Allocations: 197)


Started GET "/users/1" for ::1 at 2022-01-14 22:47:10 -0600
Processing by UsersController#show as HTML
  Parameters: {"id"=>"1"}
Completed 200 OK in 0ms (Views: 0.1ms | ActiveRecord: 0.0ms | Allocations: 75)


Started GET "/users/1" for ::1 at 2022-01-14 22:47:11 -0600
Processing by UsersController#show as HTML
  Parameters: {"id"=>"1"}
Completed 200 OK in 0ms (Views: 0.1ms | ActiveRecord: 0.0ms | Allocations: 75)


Started GET "/users/2" for ::1 at 2022-01-14 22:47:26 -0600
Processing by UsersController#show as HTML
  Parameters: {"id"=>"2"}
Completed 200 OK in 0ms (Views: 0.1ms | ActiveRecord: 0.0ms | Allocations: 75)


Started GET "/users/1" for ::1 at 2022-01-14 22:47:36 -0600
Processing by UsersController#show as HTML
  Parameters: {"id"=>"1"}
Completed 200 OK in 1ms (Views: 0.2ms | ActiveRecord: 0.0ms | Allocations: 75)


Started GET "/users/1" for ::1 at 2022-01-14 22:47:41 -0600
Processing by UsersController#show as HTML
  Parameters: {"id"=>"1"}
Completed 200 OK in 0ms (Views: 0.1ms | ActiveRecord: 0.0ms | Allocations: 75)


Started GET "/users/1" for ::1 at 2022-01-14 22:48:26 -0600
Processing by UsersController#show as */*
  Parameters: {"user_id"=>2, "id"=>"1", "user"=>{}}
Completed 200 OK in 0ms (Views: 0.1ms | ActiveRecord: 1.8ms | Allocations: 129)


Started GET "/users/statistics/1" for ::1 at 2022-01-14 22:49:10 -0600
  
ActionController::RoutingError (No route matches [GET] "/users/statistics/1"):
  
Started GET "/users/statistics" for ::1 at 2022-01-14 22:49:17 -0600
Processing by UsersController#show as HTML
  Parameters: {"id"=>"statistics"}
Completed 200 OK in 0ms (Views: 0.1ms | ActiveRecord: 0.0ms | Allocations: 121)


Started GET "/statistics" for ::1 at 2022-01-14 22:49:30 -0600
Processing by StatisticsController#index as HTML
  [1m[36mStatistic Load (0.4ms)[0m  [1m[34mSELECT "statistics".* FROM "statistics"[0m
  ↳ app/controllers/statistics_controller.rb:8:in `index'
Completed 200 OK in 27ms (Views: 22.5ms | ActiveRecord: 3.2ms | Allocations: 22449)


Started GET "/statistics/1" for ::1 at 2022-01-14 22:49:39 -0600
Processing by StatisticsController#show as HTML
  Parameters: {"id"=>"1"}
Completed 200 OK in 0ms (Views: 0.2ms | ActiveRecord: 0.0ms | Allocations: 88)


Started GET "/statistics/user" for ::1 at 2022-01-14 22:49:46 -0600
Processing by StatisticsController#show as HTML
  Parameters: {"id"=>"user"}
Completed 200 OK in 0ms (Views: 0.1ms | ActiveRecord: 0.0ms | Allocations: 74)


Started GET "/user/1" for ::1 at 2022-01-14 22:50:07 -0600
  
ActionController::RoutingError (No route matches [GET] "/user/1"):
  
Started GET "/users" for ::1 at 2022-01-14 22:51:02 -0600
Processing by UsersController#index as HTML
  [1m[36mUser Load (0.4ms)[0m  [1m[34mSELECT "users".* FROM "users"[0m
  ↳ app/controllers/users_controller.rb:8:in `index'
  [1m[36mStatistic Load (0.3ms)[0m  [1m[34mSELECT "statistics".* FROM "statistics" WHERE "statistics"."user_id" = $1[0m  [["user_id", 1]]
  ↳ app/controllers/users_controller.rb:8:in `index'
  [1m[36mStatistic Load (0.3ms)[0m  [1m[34mSELECT "statistics".* FROM "statistics" WHERE "statistics"."user_id" = $1[0m  [["user_id", 2]]
  ↳ app/controllers/users_controller.rb:8:in `index'
Completed 200 OK in 27ms (Views: 0.1ms | ActiveRecord: 1.9ms | Allocations: 13228)


Started GET "/users/1" for ::1 at 2022-01-14 22:51:20 -0600
Processing by UsersController#show as HTML
  Parameters: {"id"=>"1"}
Completed 200 OK in 0ms (Views: 0.1ms | ActiveRecord: 0.0ms | Allocations: 90)


Started GET "/users/1" for ::1 at 2022-01-14 22:54:30 -0600
Processing by UsersController#show as HTML
  Parameters: {"id"=>"1"}
Completed 200 OK in 0ms (Views: 0.1ms | ActiveRecord: 0.0ms | Allocations: 75)


Started GET "/users" for ::1 at 2022-01-14 22:54:35 -0600
Processing by UsersController#index as HTML
  [1m[36mUser Load (0.3ms)[0m  [1m[34mSELECT "users".* FROM "users"[0m
  ↳ app/controllers/users_controller.rb:8:in `index'
  [1m[36mStatistic Load (0.3ms)[0m  [1m[34mSELECT "statistics".* FROM "statistics" WHERE "statistics"."user_id" = $1[0m  [["user_id", 1]]
  ↳ app/controllers/users_controller.rb:8:in `index'
  [1m[36mStatistic Load (0.2ms)[0m  [1m[34mSELECT "statistics".* FROM "statistics" WHERE "statistics"."user_id" = $1[0m  [["user_id", 2]]
  ↳ app/controllers/users_controller.rb:8:in `index'
Completed 200 OK in 6ms (Views: 0.1ms | ActiveRecord: 0.8ms | Allocations: 3746)


